# JRE version: OpenJDK Runtime Environment (11.0.15) (build 11.0.15+0-b2043.56-8887301)
# Java VM: OpenJDK 64-Bit Server VM (11.0.15+0-b2043.56-8887301, mixed mode, tiered, compressed oops, g1 gc, windows-amd64)
Heap:
 garbage-first heap   total 330752K, used 207561K [0x0000000080000000, 0x0000000100000000)
  region size 1024K, 37 young (37888K), 10 survivors (10240K)
 Metaspace       used 135545K, capacity 139664K, committed 141468K, reserved 1171456K
  class space    used 17070K, capacity 18620K, committed 19436K, reserved 1048576K
GC Heap History (20 events):
Event: 4926.262 GC heap before
{Heap before GC invocations=49 (full 0):
 garbage-first heap   total 275456K, used 225436K [0x0000000080000000, 0x0000000100000000)
  region size 1024K, 84 young (86016K), 5 survivors (5120K)
 Metaspace       used 128702K, capacity 132463K, committed 135452K, reserved 1165312K
  class space    used 16479K, capacity 17906K, committed 19052K, reserved 1048576K
}
Event: 4926.266 GC heap after
{Heap after GC invocations=50 (full 0):
 garbage-first heap   total 275456K, used 144713K [0x0000000080000000, 0x0000000100000000)
  region size 1024K, 5 young (5120K), 5 survivors (5120K)
 Metaspace       used 128702K, capacity 132463K, committed 135452K, reserved 1165312K
  class space    used 16479K, capacity 17906K, committed 19052K, reserved 1048576K
}
Event: 4926.415 GC heap before
{Heap before GC invocations=50 (full 0):
 garbage-first heap   total 275456K, used 228681K [0x0000000080000000, 0x0000000100000000)
  region size 1024K, 87 young (89088K), 5 survivors (5120K)
 Metaspace       used 128811K, capacity 132539K, committed 135452K, reserved 1165312K
  class space    used 16480K, capacity 17908K, committed 19052K, reserved 1048576K
}
Event: 4926.419 GC heap after
{Heap after GC invocations=51 (full 0):
 garbage-first heap   total 275456K, used 144541K [0x0000000080000000, 0x0000000100000000)
  region size 1024K, 5 young (5120K), 5 survivors (5120K)
 Metaspace       used 128811K, capacity 132539K, committed 135452K, reserved 1165312K
  class space    used 16480K, capacity 17908K, committed 19052K, reserved 1048576K
}
Event: 4926.555 GC heap before
{Heap before GC invocations=51 (full 0):
 garbage-first heap   total 275456K, used 230557K [0x0000000080000000, 0x0000000100000000)
  region size 1024K, 89 young (91136K), 5 survivors (5120K)
 Metaspace       used 128871K, capacity 132608K, committed 135708K, reserved 1165312K
  class space    used 16480K, capacity 17908K, committed 19052K, reserved 1048576K
}
Event: 4926.560 GC heap after
{Heap after GC invocations=52 (full 0):
 garbage-first heap   total 330752K, used 145049K [0x0000000080000000, 0x0000000100000000)
  region size 1024K, 6 young (6144K), 6 survivors (6144K)
 Metaspace       used 128871K, capacity 132608K, committed 135708K, reserved 1165312K
  class space    used 16480K, capacity 17908K, committed 19052K, reserved 1048576K
}
Event: 4926.717 GC heap before
{Heap before GC invocations=52 (full 0):
 garbage-first heap   total 330752K, used 259737K [0x0000000080000000, 0x0000000100000000)
  region size 1024K, 118 young (120832K), 6 survivors (6144K)
 Metaspace       used 129146K, capacity 132892K, committed 135964K, reserved 1167360K
  class space    used 16485K, capacity 17915K, committed 19052K, reserved 1048576K
}
Event: 4926.720 GC heap after
{Heap after GC invocations=53 (full 0):
 garbage-first heap   total 330752K, used 145734K [0x0000000080000000, 0x0000000100000000)
  region size 1024K, 6 young (6144K), 6 survivors (6144K)
 Metaspace       used 129146K, capacity 132892K, committed 135964K, reserved 1167360K
  class space    used 16485K, capacity 17915K, committed 19052K, reserved 1048576K
}
Event: 4926.923 GC heap before
{Heap before GC invocations=53 (full 0):
 garbage-first heap   total 330752K, used 266566K [0x0000000080000000, 0x0000000100000000)
  region size 1024K, 122 young (124928K), 6 survivors (6144K)
 Metaspace       used 129606K, capacity 133315K, committed 136220K, reserved 1167360K
  class space    used 16492K, capacity 17924K, committed 19052K, reserved 1048576K
}
Event: 4926.927 GC heap after
{Heap after GC invocations=54 (full 0):
 garbage-first heap   total 330752K, used 146870K [0x0000000080000000, 0x0000000100000000)
  region size 1024K, 6 young (6144K), 6 survivors (6144K)
 Metaspace       used 129606K, capacity 133315K, committed 136220K, reserved 1167360K
  class space    used 16492K, capacity 17924K, committed 19052K, reserved 1048576K
}
Event: 4927.241 GC heap before
{Heap before GC invocations=54 (full 0):
 garbage-first heap   total 330752K, used 268726K [0x0000000080000000, 0x0000000100000000)
  region size 1024K, 125 young (128000K), 6 survivors (6144K)
 Metaspace       used 129874K, capacity 133659K, committed 136476K, reserved 1167360K
  class space    used 16492K, capacity 17924K, committed 19052K, reserved 1048576K
}
Event: 4927.245 GC heap after
{Heap after GC invocations=55 (full 0):
 garbage-first heap   total 330752K, used 145731K [0x0000000080000000, 0x0000000100000000)
  region size 1024K, 6 young (6144K), 6 survivors (6144K)
 Metaspace       used 129874K, capacity 133659K, committed 136476K, reserved 1167360K
  class space    used 16492K, capacity 17924K, committed 19052K, reserved 1048576K
}
Event: 4927.578 GC heap before
{Heap before GC invocations=55 (full 0):
 garbage-first heap   total 330752K, used 273731K [0x0000000080000000, 0x0000000100000000)
  region size 1024K, 131 young (134144K), 6 survivors (6144K)
 Metaspace       used 130120K, capacity 133872K, committed 136732K, reserved 1167360K
  class space    used 16501K, capacity 17941K, committed 19052K, reserved 1048576K
}
Event: 4927.582 GC heap after
{Heap after GC invocations=56 (full 0):
 garbage-first heap   total 330752K, used 147340K [0x0000000080000000, 0x0000000100000000)
  region size 1024K, 8 young (8192K), 8 survivors (8192K)
 Metaspace       used 130120K, capacity 133872K, committed 136732K, reserved 1167360K
  class space    used 16501K, capacity 17941K, committed 19052K, reserved 1048576K
}
Event: 5400.155 GC heap before
{Heap before GC invocations=56 (full 0):
 garbage-first heap   total 330752K, used 280460K [0x0000000080000000, 0x0000000100000000)
  region size 1024K, 133 young (136192K), 8 survivors (8192K)
 Metaspace       used 130936K, capacity 134903K, committed 137244K, reserved 1167360K
  class space    used 16580K, capacity 18084K, committed 19052K, reserved 1048576K
}
Event: 5400.159 GC heap after
{Heap after GC invocations=57 (full 0):
 garbage-first heap   total 330752K, used 145895K [0x0000000080000000, 0x0000000100000000)
  region size 1024K, 6 young (6144K), 6 survivors (6144K)
 Metaspace       used 130936K, capacity 134903K, committed 137244K, reserved 1167360K
  class space    used 16580K, capacity 18084K, committed 19052K, reserved 1048576K
}
Event: 5822.408 GC heap before
{Heap before GC invocations=57 (full 0):
 garbage-first heap   total 330752K, used 279015K [0x0000000080000000, 0x0000000100000000)
  region size 1024K, 134 young (137216K), 6 survivors (6144K)
 Metaspace       used 131752K, capacity 135774K, committed 137756K, reserved 1167360K
  class space    used 16657K, capacity 18168K, committed 19052K, reserved 1048576K
}
Event: 5822.422 GC heap after
{Heap after GC invocations=58 (full 0):
 garbage-first heap   total 330752K, used 171242K [0x0000000080000000, 0x0000000100000000)
  region size 1024K, 17 young (17408K), 17 survivors (17408K)
 Metaspace       used 131752K, capacity 135774K, committed 137756K, reserved 1167360K
  class space    used 16657K, capacity 18168K, committed 19052K, reserved 1048576K
}
Event: 5823.515 GC heap before
{Heap before GC invocations=58 (full 0):
 garbage-first heap   total 330752K, used 281834K [0x0000000080000000, 0x0000000100000000)
  region size 1024K, 109 young (111616K), 17 survivors (17408K)
 Metaspace       used 134698K, capacity 138831K, committed 140700K, reserved 1171456K
  class space    used 16984K, capacity 18518K, committed 19436K, reserved 1048576K
}
Event: 5823.525 GC heap after
{Heap after GC invocations=59 (full 0):
 garbage-first heap   total 330752K, used 180937K [0x0000000080000000, 0x0000000100000000)
  region size 1024K, 10 young (10240K), 10 survivors (10240K)
 Metaspace       used 134698K, capacity 138831K, committed 140700K, reserved 1171456K
  class space    used 16984K, capacity 18518K, committed 19436K, reserved 1048576K
}

